c:\users\muneeb\documents\github\blue_death_mk_i\car_simulator_1.7\car_simulator_1.7\car_simulator\bin\desktop_2017\x64\release\vc142.pdb
c:\users\muneeb\documents\github\blue_death_mk_i\car_simulator_1.7\car_simulator_1.7\car_simulator\bin\desktop_2017\x64\release\timer.obj
c:\users\muneeb\documents\github\blue_death_mk_i\car_simulator_1.7\car_simulator_1.7\car_simulator\bin\desktop_2017\x64\release\rotation.obj
c:\users\muneeb\documents\github\blue_death_mk_i\car_simulator_1.7\car_simulator_1.7\car_simulator\bin\desktop_2017\x64\release\robot.obj
c:\users\muneeb\documents\github\blue_death_mk_i\car_simulator_1.7\car_simulator_1.7\car_simulator\bin\desktop_2017\x64\release\ran3.obj
c:\users\muneeb\documents\github\blue_death_mk_i\car_simulator_1.7\car_simulator_1.7\car_simulator\bin\desktop_2017\x64\release\ran2.obj
c:\users\muneeb\documents\github\blue_death_mk_i\car_simulator_1.7\car_simulator_1.7\car_simulator\bin\desktop_2017\x64\release\ran.obj
c:\users\muneeb\documents\github\blue_death_mk_i\car_simulator_1.7\car_simulator_1.7\car_simulator\bin\desktop_2017\x64\release\image_transfer5.obj
c:\users\muneeb\documents\github\blue_death_mk_i\car_simulator_1.7\car_simulator_1.7\car_simulator\bin\desktop_2017\x64\release\graphics.obj
c:\users\muneeb\documents\github\blue_death_mk_i\car_simulator_1.7\car_simulator_1.7\car_simulator\bin\desktop_2017\x64\release\draw_3d_graphics.obj
c:\users\muneeb\documents\github\blue_death_mk_i\car_simulator_1.7\car_simulator_1.7\car_simulator\bin\desktop_2017\x64\release\controller.obj
c:\users\muneeb\documents\github\blue_death_mk_i\car_simulator_1.7\car_simulator_1.7\car_simulator\bin\desktop_2017\x64\release\serial.obj
c:\users\muneeb\documents\github\blue_death_mk_i\car_simulator_1.7\car_simulator_1.7\car_simulator\bin\desktop_2017\x64\release\directxtksimplesample.lib
c:\users\muneeb\documents\github\blue_death_mk_i\car_simulator_1.7\car_simulator_1.7\car_simulator\bin\desktop_2017\x64\release\directxtksimplesample.exp
c:\users\muneeb\documents\github\blue_death_mk_i\car_simulator_1.7\car_simulator_1.7\car_simulator\bin\desktop_2017\x64\release\resource.res
c:\users\muneeb\documents\github\blue_death_mk_i\car_simulator_1.7\car_simulator_1.7\car_simulator\bin\desktop_2017\x64\release\directxtksimplesample.exe.embed.manifest.res
c:\users\muneeb\documents\github\blue_death_mk_i\car_simulator_1.7\car_simulator_1.7\car_simulator\bin\desktop_2017\x64\release\directxtksimplesample.exe.embed.manifest
c:\users\muneeb\documents\github\blue_death_mk_i\car_simulator_1.7\car_simulator_1.7\car_simulator\bin\desktop_2017\x64\release\directxtksimplesample_manifest.rc
c:\users\muneeb\documents\github\blue_death_mk_i\car_simulator_1.7\car_simulator_1.7\car_simulator\bin\desktop_2017\x64\release\directxt.2c4f0429.tlog\cl.command.1.tlog
c:\users\muneeb\documents\github\blue_death_mk_i\car_simulator_1.7\car_simulator_1.7\car_simulator\bin\desktop_2017\x64\release\directxt.2c4f0429.tlog\cl.read.1.tlog
c:\users\muneeb\documents\github\blue_death_mk_i\car_simulator_1.7\car_simulator_1.7\car_simulator\bin\desktop_2017\x64\release\directxt.2c4f0429.tlog\cl.write.1.tlog
c:\users\muneeb\documents\github\blue_death_mk_i\car_simulator_1.7\car_simulator_1.7\car_simulator\bin\desktop_2017\x64\release\directxt.2c4f0429.tlog\directxtksimplesample.write.1u.tlog
c:\users\muneeb\documents\github\blue_death_mk_i\car_simulator_1.7\car_simulator_1.7\car_simulator\bin\desktop_2017\x64\release\directxt.2c4f0429.tlog\link.16908-cvtres.read.1.tlog
c:\users\muneeb\documents\github\blue_death_mk_i\car_simulator_1.7\car_simulator_1.7\car_simulator\bin\desktop_2017\x64\release\directxt.2c4f0429.tlog\link.16908-cvtres.write.1.tlog
c:\users\muneeb\documents\github\blue_death_mk_i\car_simulator_1.7\car_simulator_1.7\car_simulator\bin\desktop_2017\x64\release\directxt.2c4f0429.tlog\link.16908-mt.read.1.tlog
c:\users\muneeb\documents\github\blue_death_mk_i\car_simulator_1.7\car_simulator_1.7\car_simulator\bin\desktop_2017\x64\release\directxt.2c4f0429.tlog\link.16908-mt.write.1.tlog
c:\users\muneeb\documents\github\blue_death_mk_i\car_simulator_1.7\car_simulator_1.7\car_simulator\bin\desktop_2017\x64\release\directxt.2c4f0429.tlog\link.16908-rc.read.1.tlog
c:\users\muneeb\documents\github\blue_death_mk_i\car_simulator_1.7\car_simulator_1.7\car_simulator\bin\desktop_2017\x64\release\directxt.2c4f0429.tlog\link.16908-rc.write.1.tlog
c:\users\muneeb\documents\github\blue_death_mk_i\car_simulator_1.7\car_simulator_1.7\car_simulator\bin\desktop_2017\x64\release\directxt.2c4f0429.tlog\link.16908.read.1.tlog
c:\users\muneeb\documents\github\blue_death_mk_i\car_simulator_1.7\car_simulator_1.7\car_simulator\bin\desktop_2017\x64\release\directxt.2c4f0429.tlog\link.16908.write.1.tlog
c:\users\muneeb\documents\github\blue_death_mk_i\car_simulator_1.7\car_simulator_1.7\car_simulator\bin\desktop_2017\x64\release\directxt.2c4f0429.tlog\link.command.1.tlog
c:\users\muneeb\documents\github\blue_death_mk_i\car_simulator_1.7\car_simulator_1.7\car_simulator\bin\desktop_2017\x64\release\directxt.2c4f0429.tlog\link.read.1.tlog
c:\users\muneeb\documents\github\blue_death_mk_i\car_simulator_1.7\car_simulator_1.7\car_simulator\bin\desktop_2017\x64\release\directxt.2c4f0429.tlog\link.write.1.tlog
c:\users\muneeb\documents\github\blue_death_mk_i\car_simulator_1.7\car_simulator_1.7\car_simulator\bin\desktop_2017\x64\release\directxt.2c4f0429.tlog\rc.command.1.tlog
c:\users\muneeb\documents\github\blue_death_mk_i\car_simulator_1.7\car_simulator_1.7\car_simulator\bin\desktop_2017\x64\release\directxt.2c4f0429.tlog\rc.read.1.tlog
c:\users\muneeb\documents\github\blue_death_mk_i\car_simulator_1.7\car_simulator_1.7\car_simulator\bin\desktop_2017\x64\release\directxt.2c4f0429.tlog\rc.write.1.tlog
