  controller.cpp
  draw_3D_graphics.cpp
  graphics.cpp
  image_transfer5.cpp
C:\Users\Muneeb\Documents\GitHub\Blue_Death_Mk_I\car_simulator_1.7\car_simulator_1.7\car_simulator\image_transfer5.cpp(41,67): warning C4267: '=': conversion from 'size_t' to 'DWORD', possible loss of data
C:\Users\Muneeb\Documents\GitHub\Blue_Death_Mk_I\car_simulator_1.7\car_simulator_1.7\car_simulator\image_transfer5.cpp(59,52): warning C4267: 'argument': conversion from 'size_t' to 'DWORD', possible loss of data
C:\Users\Muneeb\Documents\GitHub\Blue_Death_Mk_I\car_simulator_1.7\car_simulator_1.7\car_simulator\image_transfer5.cpp(112,45): warning C4267: 'argument': conversion from 'size_t' to 'DWORD', possible loss of data
  ran.cpp
  ran2.cpp
  ran3.cpp
  robot.cpp
  rotation.cpp
  timer.cpp
  Generating Code...
3D_graphics.lib(3D_graphics.obj) : error LNK2038: mismatch detected for '_ITERATOR_DEBUG_LEVEL': value '0' doesn't match value '2' in controller.obj
3D_graphics.lib(3D_graphics.obj) : error LNK2038: mismatch detected for 'RuntimeLibrary': value 'MD_DynamicRelease' doesn't match value 'MDd_DynamicDebug' in controller.obj
3D_graphics.lib(ScreenGrabBuffer.obj) : error LNK2038: mismatch detected for '_ITERATOR_DEBUG_LEVEL': value '0' doesn't match value '2' in controller.obj
3D_graphics.lib(ScreenGrabBuffer.obj) : error LNK2038: mismatch detected for 'RuntimeLibrary': value 'MD_DynamicRelease' doesn't match value 'MDd_DynamicDebug' in controller.obj
3D_graphics.lib(Main.obj) : error LNK2038: mismatch detected for '_ITERATOR_DEBUG_LEVEL': value '0' doesn't match value '2' in controller.obj
3D_graphics.lib(Main.obj) : error LNK2038: mismatch detected for 'RuntimeLibrary': value 'MD_DynamicRelease' doesn't match value 'MDd_DynamicDebug' in controller.obj
3D_graphics.lib(Game.obj) : error LNK2038: mismatch detected for '_ITERATOR_DEBUG_LEVEL': value '0' doesn't match value '2' in controller.obj
3D_graphics.lib(Game.obj) : error LNK2038: mismatch detected for 'RuntimeLibrary': value 'MD_DynamicRelease' doesn't match value 'MDd_DynamicDebug' in controller.obj
3D_graphics.lib(DeviceResources.obj) : error LNK2038: mismatch detected for '_ITERATOR_DEBUG_LEVEL': value '0' doesn't match value '2' in controller.obj
3D_graphics.lib(DeviceResources.obj) : error LNK2038: mismatch detected for 'RuntimeLibrary': value 'MD_DynamicRelease' doesn't match value 'MDd_DynamicDebug' in controller.obj
DirectXTK.lib(CommonStates.obj) : error LNK2038: mismatch detected for '_ITERATOR_DEBUG_LEVEL': value '0' doesn't match value '2' in controller.obj
DirectXTK.lib(CommonStates.obj) : error LNK2038: mismatch detected for 'RuntimeLibrary': value 'MD_DynamicRelease' doesn't match value 'MDd_DynamicDebug' in controller.obj
DirectXTK.lib(WICTextureLoader.obj) : error LNK2038: mismatch detected for '_ITERATOR_DEBUG_LEVEL': value '0' doesn't match value '2' in controller.obj
DirectXTK.lib(WICTextureLoader.obj) : error LNK2038: mismatch detected for 'RuntimeLibrary': value 'MD_DynamicRelease' doesn't match value 'MDd_DynamicDebug' in controller.obj
DirectXTK.lib(BasicEffect.obj) : error LNK2038: mismatch detected for '_ITERATOR_DEBUG_LEVEL': value '0' doesn't match value '2' in controller.obj
DirectXTK.lib(BasicEffect.obj) : error LNK2038: mismatch detected for 'RuntimeLibrary': value 'MD_DynamicRelease' doesn't match value 'MDd_DynamicDebug' in controller.obj
DirectXTK.lib(EffectFactory.obj) : error LNK2038: mismatch detected for '_ITERATOR_DEBUG_LEVEL': value '0' doesn't match value '2' in controller.obj
DirectXTK.lib(EffectFactory.obj) : error LNK2038: mismatch detected for 'RuntimeLibrary': value 'MD_DynamicRelease' doesn't match value 'MDd_DynamicDebug' in controller.obj
DirectXTK.lib(Model.obj) : error LNK2038: mismatch detected for '_ITERATOR_DEBUG_LEVEL': value '0' doesn't match value '2' in controller.obj
DirectXTK.lib(Model.obj) : error LNK2038: mismatch detected for 'RuntimeLibrary': value 'MD_DynamicRelease' doesn't match value 'MDd_DynamicDebug' in controller.obj
DirectXTK.lib(ModelLoadCMO.obj) : error LNK2038: mismatch detected for '_ITERATOR_DEBUG_LEVEL': value '0' doesn't match value '2' in controller.obj
DirectXTK.lib(ModelLoadCMO.obj) : error LNK2038: mismatch detected for 'RuntimeLibrary': value 'MD_DynamicRelease' doesn't match value 'MDd_DynamicDebug' in controller.obj
DirectXTK.lib(PrimitiveBatch.obj) : error LNK2038: mismatch detected for '_ITERATOR_DEBUG_LEVEL': value '0' doesn't match value '2' in controller.obj
DirectXTK.lib(PrimitiveBatch.obj) : error LNK2038: mismatch detected for 'RuntimeLibrary': value 'MD_DynamicRelease' doesn't match value 'MDd_DynamicDebug' in controller.obj
DirectXTK.lib(SpriteBatch.obj) : error LNK2038: mismatch detected for '_ITERATOR_DEBUG_LEVEL': value '0' doesn't match value '2' in controller.obj
DirectXTK.lib(SpriteBatch.obj) : error LNK2038: mismatch detected for 'RuntimeLibrary': value 'MD_DynamicRelease' doesn't match value 'MDd_DynamicDebug' in controller.obj
DirectXTK.lib(SpriteFont.obj) : error LNK2038: mismatch detected for '_ITERATOR_DEBUG_LEVEL': value '0' doesn't match value '2' in controller.obj
DirectXTK.lib(SpriteFont.obj) : error LNK2038: mismatch detected for 'RuntimeLibrary': value 'MD_DynamicRelease' doesn't match value 'MDd_DynamicDebug' in controller.obj
DirectXTK.lib(Keyboard.obj) : error LNK2038: mismatch detected for '_ITERATOR_DEBUG_LEVEL': value '0' doesn't match value '2' in controller.obj
DirectXTK.lib(Keyboard.obj) : error LNK2038: mismatch detected for 'RuntimeLibrary': value 'MD_DynamicRelease' doesn't match value 'MDd_DynamicDebug' in controller.obj
DirectXTK.lib(Mouse.obj) : error LNK2038: mismatch detected for '_ITERATOR_DEBUG_LEVEL': value '0' doesn't match value '2' in controller.obj
DirectXTK.lib(Mouse.obj) : error LNK2038: mismatch detected for 'RuntimeLibrary': value 'MD_DynamicRelease' doesn't match value 'MDd_DynamicDebug' in controller.obj
DirectXTK.lib(VertexTypes.obj) : error LNK2038: mismatch detected for '_ITERATOR_DEBUG_LEVEL': value '0' doesn't match value '2' in controller.obj
DirectXTK.lib(VertexTypes.obj) : error LNK2038: mismatch detected for 'RuntimeLibrary': value 'MD_DynamicRelease' doesn't match value 'MDd_DynamicDebug' in controller.obj
DirectXTK.lib(SimpleMath.obj) : error LNK2038: mismatch detected for '_ITERATOR_DEBUG_LEVEL': value '0' doesn't match value '2' in controller.obj
DirectXTK.lib(SimpleMath.obj) : error LNK2038: mismatch detected for 'RuntimeLibrary': value 'MD_DynamicRelease' doesn't match value 'MDd_DynamicDebug' in controller.obj
DirectXTK.lib(pch.obj) : error LNK2038: mismatch detected for '_ITERATOR_DEBUG_LEVEL': value '0' doesn't match value '2' in controller.obj
DirectXTK.lib(pch.obj) : error LNK2038: mismatch detected for 'RuntimeLibrary': value 'MD_DynamicRelease' doesn't match value 'MDd_DynamicDebug' in controller.obj
DirectXTK.lib(EffectCommon.obj) : error LNK2038: mismatch detected for '_ITERATOR_DEBUG_LEVEL': value '0' doesn't match value '2' in controller.obj
DirectXTK.lib(EffectCommon.obj) : error LNK2038: mismatch detected for 'RuntimeLibrary': value 'MD_DynamicRelease' doesn't match value 'MDd_DynamicDebug' in controller.obj
DirectXTK.lib(DualTextureEffect.obj) : error LNK2038: mismatch detected for '_ITERATOR_DEBUG_LEVEL': value '0' doesn't match value '2' in controller.obj
DirectXTK.lib(DualTextureEffect.obj) : error LNK2038: mismatch detected for 'RuntimeLibrary': value 'MD_DynamicRelease' doesn't match value 'MDd_DynamicDebug' in controller.obj
DirectXTK.lib(SkinnedEffect.obj) : error LNK2038: mismatch detected for '_ITERATOR_DEBUG_LEVEL': value '0' doesn't match value '2' in controller.obj
DirectXTK.lib(SkinnedEffect.obj) : error LNK2038: mismatch detected for 'RuntimeLibrary': value 'MD_DynamicRelease' doesn't match value 'MDd_DynamicDebug' in controller.obj
DirectXTK.lib(NormalMapEffect.obj) : error LNK2038: mismatch detected for '_ITERATOR_DEBUG_LEVEL': value '0' doesn't match value '2' in controller.obj
DirectXTK.lib(NormalMapEffect.obj) : error LNK2038: mismatch detected for 'RuntimeLibrary': value 'MD_DynamicRelease' doesn't match value 'MDd_DynamicDebug' in controller.obj
DirectXTK.lib(DDSTextureLoader.obj) : error LNK2038: mismatch detected for '_ITERATOR_DEBUG_LEVEL': value '0' doesn't match value '2' in controller.obj
DirectXTK.lib(DDSTextureLoader.obj) : error LNK2038: mismatch detected for 'RuntimeLibrary': value 'MD_DynamicRelease' doesn't match value 'MDd_DynamicDebug' in controller.obj
DirectXTK.lib(DGSLEffect.obj) : error LNK2038: mismatch detected for '_ITERATOR_DEBUG_LEVEL': value '0' doesn't match value '2' in controller.obj
DirectXTK.lib(DGSLEffect.obj) : error LNK2038: mismatch detected for 'RuntimeLibrary': value 'MD_DynamicRelease' doesn't match value 'MDd_DynamicDebug' in controller.obj
DirectXTK.lib(BinaryReader.obj) : error LNK2038: mismatch detected for '_ITERATOR_DEBUG_LEVEL': value '0' doesn't match value '2' in controller.obj
DirectXTK.lib(BinaryReader.obj) : error LNK2038: mismatch detected for 'RuntimeLibrary': value 'MD_DynamicRelease' doesn't match value 'MDd_DynamicDebug' in controller.obj
     Creating library Bin\Desktop_2017\x64\Debug\DirectXTKSimpleSample.lib and object Bin\Desktop_2017\x64\Debug\DirectXTKSimpleSample.exp
LINK : warning LNK4098: defaultlib 'MSVCRT' conflicts with use of other libs; use /NODEFAULTLIB:library
Bin\Desktop_2017\x64\Debug\DirectXTKSimpleSample.exe : fatal error LNK1319: 52 mismatches detected
