e:\concordia university\courses\11. winter 2021\mech471 & mech472\serial communication\serial_communication1_b\serial_communication1_rev_c\serial_example2_save_serial\windows_program\debug\vc142.pdb
e:\concordia university\courses\11. winter 2021\mech471 & mech472\serial communication\serial_communication1_b\serial_communication1_rev_c\serial_example2_save_serial\windows_program\debug\timer.obj
e:\concordia university\courses\11. winter 2021\mech471 & mech472\serial communication\serial_communication1_b\serial_communication1_rev_c\serial_example2_save_serial\windows_program\debug\serial_com.obj
e:\concordia university\courses\11. winter 2021\mech471 & mech472\serial communication\serial_communication1_b\serial_communication1_rev_c\serial_example2_save_serial\windows_program\debug\program.obj
c:\users\muneeb\documents\github\blue_death_mk_i\serial\debug\vc142.pdb
c:\users\muneeb\documents\github\blue_death_mk_i\serial\debug\timer.obj
c:\users\muneeb\documents\github\blue_death_mk_i\serial\debug\serial_com.obj
c:\users\muneeb\documents\github\blue_death_mk_i\serial\debug\program.obj
e:\concordia university\courses\11. winter 2021\mech471 & mech472\serial communication\serial_communication1_b\serial_communication1_rev_c\serial_example2_save_serial\windows_program\debug\program.exe
e:\concordia university\courses\11. winter 2021\mech471 & mech472\serial communication\serial_communication1_b\serial_communication1_rev_c\serial_example2_save_serial\windows_program\debug\program.ilk
e:\concordia university\courses\11. winter 2021\mech471 & mech472\serial communication\serial_communication1_b\serial_communication1_rev_c\serial_example2_save_serial\windows_program\debug\program.pdb
c:\users\muneeb\documents\github\blue_death_mk_i\serial\debug\program.exe
c:\users\muneeb\documents\github\blue_death_mk_i\serial\debug\program.ilk
c:\users\muneeb\documents\github\blue_death_mk_i\serial\debug\program.pdb
c:\users\muneeb\documents\github\blue_death_mk_i\serial\.\debug\program.exe
c:\users\muneeb\documents\github\blue_death_mk_i\serial\debug\program.tlog\cl.command.1.tlog
c:\users\muneeb\documents\github\blue_death_mk_i\serial\debug\program.tlog\cl.read.1.tlog
c:\users\muneeb\documents\github\blue_death_mk_i\serial\debug\program.tlog\cl.write.1.tlog
c:\users\muneeb\documents\github\blue_death_mk_i\serial\debug\program.tlog\link.command.1.tlog
c:\users\muneeb\documents\github\blue_death_mk_i\serial\debug\program.tlog\link.read.1.tlog
c:\users\muneeb\documents\github\blue_death_mk_i\serial\debug\program.tlog\link.write.1.tlog
